[    0.000000] Linux version 4.15.0-213-generic (buildd@lcy02-amd64-079) (gcc version 7.5.0 (Ubuntu 7.5.0-3ubuntu1~18.04)) #224-Ubuntu SMP Mon Jun 19 13:30:12 UTC 2023 (Ubuntu 4.15.0-213.224-generic 4.15.18)
[    0.000000] Command line: BOOT_IMAGE=/boot/vmlinuz-4.15.0-213-generic root=UUID=f685bb41-0e3b-40c4-89c1-eea0f0583525 ro console=tty1 console=ttyS0
[    0.000000] KERNEL supported cpus:
[    0.000000]   Intel GenuineIntel
[    0.000000]   AMD AuthenticAMD
[    0.000000]   Centaur CentaurHauls
[    0.000000] x86/fpu: Supporting XSAVE feature 0x001: 'x87 floating point registers'
[    0.000000] x86/fpu: Supporting XSAVE feature 0x002: 'SSE registers'
[    0.000000] x86/fpu: Supporting XSAVE feature 0x004: 'AVX registers'
[    0.000000] x86/fpu: xstate_offset[2]:  576, xstate_sizes[2]:  256
[    0.000000] x86/fpu: Enabled xstate features 0x7, context size is 832 bytes, using 'standard' format.
[    0.000000] e820: BIOS-provided physical RAM map:
[    0.000000] BIOS-e820: [mem 0x0000000000000000-0x000000000009fbff] usable
[    0.000000] BIOS-e820: [mem 0x000000000009fc00-0x000000000009ffff] reserved
[    0.000000] BIOS-e820: [mem 0x00000000000f0000-0x00000000000fffff] reserved
[    0.000000] BIOS-e820: [mem 0x0000000000100000-0x000000003ffeffff] usable
[    0.000000] BIOS-e820: [mem 0x000000003fff0000-0x000000003fffffff] ACPI data
[    0.000000] BIOS-e820: [mem 0x00000000fec00000-0x00000000fec00fff] reserved
[    0.000000] BIOS-e820: [mem 0x00000000fee00000-0x00000000fee00fff] reserved
[    0.000000] BIOS-e820: [mem 0x00000000fffc0000-0x00000000ffffffff] reserved
[    0.000000] NX (Execute Disable) protection: active
[    0.000000] SMBIOS 2.5 present.
[    0.000000] DMI: innotek GmbH VirtualBox/VirtualBox, BIOS VirtualBox 12/01/2006
[    0.000000] Hypervisor detected: KVM
[    0.000000] e820: last_pfn = 0x3fff0 max_arch_pfn = 0x400000000
[    0.000000] MTRR: Disabled
[    0.000000] x86/PAT: MTRRs disabled, skipping PAT initialization too.
[    0.000000] CPU MTRRs all blank - virtualized system.
[    0.000000] x86/PAT: Configuration [0-7]: WB  WT  UC- UC  WB  WT  UC- UC  
[    0.000000] found SMP MP-table at [mem 0x0009fff0-0x0009ffff]
[    0.000000] Scanning 1 areas for low memory corruption
[    0.000000] RAMDISK: [mem 0x35819000-0x36c03fff]
[    0.000000] ACPI: Early table checksum verification disabled
[    0.000000] ACPI: RSDP 0x00000000000E0000 000024 (v02 VBOX  )
[    0.000000] ACPI: XSDT 0x000000003FFF0030 00003C (v01 VBOX   VBOXXSDT 00000001 ASL  00000061)
[    0.000000] ACPI: FACP 0x000000003FFF00F0 0000F4 (v04 VBOX   VBOXFACP 00000001 ASL  00000061)
[    0.000000] ACPI: DSDT 0x000000003FFF0610 002353 (v02 VBOX   VBOXBIOS 00000002 INTL 20100528)
[    0.000000] ACPI: FACS 0x000000003FFF0200 000040
[    0.000000] ACPI: FACS 0x000000003FFF0200 000040
[    0.000000] ACPI: APIC 0x000000003FFF0240 00005C (v02 VBOX   VBOXAPIC 00000001 ASL  00000061)
[    0.000000] ACPI: SSDT 0x000000003FFF02A0 00036C (v01 VBOX   VBOXCPUT 00000002 INTL 20100528)
[    0.000000] ACPI: Reserving FACP table memory at [mem 0x3fff00f0-0x3fff01e3]
[    0.000000] ACPI: Reserving DSDT table memory at [mem 0x3fff0610-0x3fff2962]
[    0.000000] ACPI: Reserving FACS table memory at [mem 0x3fff0200-0x3fff023f]
[    0.000000] ACPI: Reserving FACS table memory at [mem 0x3fff0200-0x3fff023f]
[    0.000000] ACPI: Reserving APIC table memory at [mem 0x3fff0240-0x3fff029b]
[    0.000000] ACPI: Reserving SSDT table memory at [mem 0x3fff02a0-0x3fff060b]
[    0.000000] No NUMA configuration found
[    0.000000] Faking a node at [mem 0x0000000000000000-0x000000003ffeffff]
[    0.000000] NODE_DATA(0) allocated [mem 0x3ffc5000-0x3ffeffff]
[    0.000000] kvm-clock: cpu 0, msr 0:3ff44001, primary cpu clock
[    0.000000] kvm-clock: Using msrs 4b564d01 and 4b564d00
[    0.000000] kvm-clock: using sched offset of 3232831898 cycles
[    0.000000] clocksource: kvm-clock: mask: 0xffffffffffffffff max_cycles: 0x1cd42e4dffb, max_idle_ns: 881590591483 ns
[    0.000000] Zone ranges:
[    0.000000]   DMA      [mem 0x0000000000001000-0x0000000000ffffff]
[    0.000000]   DMA32    [mem 0x0000000001000000-0x000000003ffeffff]
[    0.000000]   Normal   empty
[    0.000000]   Device   empty
[    0.000000] Movable zone start for each node
[    0.000000] Early memory node ranges
[    0.000000]   node   0: [mem 0x0000000000001000-0x000000000009efff]
[    0.000000]   node   0: [mem 0x0000000000100000-0x000000003ffeffff]
[    0.000000] Reserved but unavailable: 104 pages
[    0.000000] Initmem setup node 0 [mem 0x0000000000001000-0x000000003ffeffff]
[    0.000000] ACPI: PM-Timer IO Port: 0x4008
[    0.000000] IOAPIC[0]: apic_id 2, version 32, address 0xfec00000, GSI 0-23
[    0.000000] ACPI: INT_SRC_OVR (bus 0 bus_irq 0 global_irq 2 dfl dfl)
[    0.000000] ACPI: INT_SRC_OVR (bus 0 bus_irq 9 global_irq 9 low level)
[    0.000000] Using ACPI (MADT) for SMP configuration information
[    0.000000] smpboot: Allowing 2 CPUs, 0 hotplug CPUs
[    0.000000] PM: Registered nosave memory: [mem 0x00000000-0x00000fff]
[    0.000000] PM: Registered nosave memory: [mem 0x0009f000-0x0009ffff]
[    0.000000] PM: Registered nosave memory: [mem 0x000a0000-0x000effff]
[    0.000000] PM: Registered nosave memory: [mem 0x000f0000-0x000fffff]
[    0.000000] e820: [mem 0x40000000-0xfebfffff] available for PCI devices
[    0.000000] Booting paravirtualized kernel on KVM
[    0.000000] clocksource: refined-jiffies: mask: 0xffffffff max_cycles: 0xffffffff, max_idle_ns: 7645519600211568 ns
[    0.000000] setup_percpu: NR_CPUS:8192 nr_cpumask_bits:2 nr_cpu_ids:2 nr_node_ids:1
[    0.000000] percpu: Embedded 50 pages/cpu s167936 r8192 d28672 u1048576
[    0.000000] PV qspinlock hash table entries: 256 (order: 0, 4096 bytes)
[    0.000000] Built 1 zonelists, mobility grouping on.  Total pages: 257913
[    0.000000] Policy zone: DMA32
[    0.000000] Kernel command line: BOOT_IMAGE=/boot/vmlinuz-4.15.0-213-generic root=UUID=f685bb41-0e3b-40c4-89c1-eea0f0583525 ro console=tty1 console=ttyS0
[    0.000000] Memory: 981776K/1048120K available (12300K kernel code, 2477K rwdata, 4324K rodata, 2480K init, 2720K bss, 66344K reserved, 0K cma-reserved)
[    0.000000] SLUB: HWalign=64, Order=0-3, MinObjects=0, CPUs=2, Nodes=1
[    0.000000] Kernel/User page tables isolation: enabled
[    0.000000] ftrace: allocating 39508 entries in 155 pages
[    0.004000] Hierarchical RCU implementation.
[    0.004000] 	RCU restricting CPUs from NR_CPUS=8192 to nr_cpu_ids=2.
[    0.004000] 	Tasks RCU enabled.
[    0.004000] RCU: Adjusting geometry for rcu_fanout_leaf=16, nr_cpu_ids=2
[    0.004000] NR_IRQS: 524544, nr_irqs: 440, preallocated irqs: 16
[    0.004000] random: crng init done
[    0.004000] Console: colour VGA+ 80x25
[    0.004000] console [tty1] enabled
[    0.004000] console [ttyS0] enabled
[    0.004000] ACPI: Core revision 20170831
[    0.004000] ACPI: 2 ACPI AML tables successfully acquired and loaded
[    0.004000] APIC: Switch to symmetric I/O mode setup
[    0.004000] x2apic enabled
[    0.004000] Switched APIC routing to physical x2apic.
[    0.007152] ..TIMER: vector=0x30 apic1=0 pin1=2 apic2=-1 pin2=-1
[    0.008011] tsc: Detected 2304.000 MHz processor
[    0.012010] Calibrating delay loop (skipped) preset value.. 4608.00 BogoMIPS (lpj=9216000)
[    0.016002] pid_max: default: 32768 minimum: 301
[    0.017194] Security Framework initialized
[    0.018207] Yama: becoming mindful.
[    0.019135] AppArmor: AppArmor initialized
[    0.020200] Dentry cache hash table entries: 131072 (order: 8, 1048576 bytes)
[    0.022487] Inode-cache hash table entries: 65536 (order: 7, 524288 bytes)
[    0.024018] Mount-cache hash table entries: 2048 (order: 2, 16384 bytes)
[    0.025647] Mountpoint-cache hash table entries: 2048 (order: 2, 16384 bytes)
[    0.028341] Last level iTLB entries: 4KB 128, 2MB 8, 4MB 8
[    0.029730] Last level dTLB entries: 4KB 64, 2MB 0, 4MB 0, 1GB 4
[    0.031192] Spectre V1 : Mitigation: usercopy/swapgs barriers and __user pointer sanitization
[    0.032006] Spectre V2 : Mitigation: Retpolines
[    0.033130] Spectre V2 : Spectre v2 / SpectreRSB mitigation: Filling RSB on context switch
[    0.036005] Spectre V2 : Spectre v2 / SpectreRSB : Filling RSB on VMEXIT
[    0.037874] RETBleed: WARNING: Spectre v2 mitigation leaves CPU vulnerable to RETBleed attacks, data leaks possible!
[    0.040005] RETBleed: Vulnerable
[    0.040861] Speculative Store Bypass: Vulnerable
[    0.044084] MDS: Mitigation: Clear CPU buffers
[    0.045263] MMIO Stale Data: Mitigation: Clear CPU buffers
[    0.046775] SRBDS: Unknown: Dependent on hypervisor status
[    0.048252] Freeing SMP alternatives memory: 36K
[    0.156380] APIC calibration not consistent with PM-Timer: 95ms instead of 100ms
[    0.158215] APIC delta adjusted to PM-Timer: 6250802 (5951529)
[    0.159699] smpboot: CPU0: Intel(R) Core(TM) i5-6300HQ CPU @ 2.30GHz (family: 0x6, model: 0x5e, stepping: 0x3)
[    0.160000] Performance Events: unsupported p6 CPU model 94 no PMU driver, software events only.
[    0.160087] Hierarchical SRCU implementation.
[    0.162156] NMI watchdog: Perf event create on CPU 0 failed with -2
[    0.164005] NMI watchdog: Perf NMI watchdog permanently disabled
[    0.165433] smp: Bringing up secondary CPUs ...
[    0.166590] x86: Booting SMP configuration:
[    0.168002] .... node  #0, CPUs:      #1
[    0.004000] kvm-clock: cpu 1, msr 0:3ff44041, secondary cpu clock
[    0.174780] smp: Brought up 1 node, 2 CPUs
[    0.174780] smpboot: Max logical packages: 1
[    0.176005] smpboot: Total of 2 processors activated (9216.00 BogoMIPS)
[    0.177914] devtmpfs: initialized
[    0.180146] x86/mm: Memory block size: 128MB
[    0.181758] evm: security.selinux
[    0.182682] evm: security.SMACK64
[    0.184003] evm: security.SMACK64EXEC
[    0.184980] evm: security.SMACK64TRANSMUTE
[    0.186133] evm: security.SMACK64MMAP
[    0.188002] evm: security.apparmor
[    0.188943] evm: security.ima
[    0.189764] evm: security.capability
[    0.190807] clocksource: jiffies: mask: 0xffffffff max_cycles: 0xffffffff, max_idle_ns: 7645041785100000 ns
[    0.192008] futex hash table entries: 512 (order: 3, 32768 bytes)
[    0.193372] pinctrl core: initialized pinctrl subsystem
[    0.196385] RTC time: 14:35:45, date: 06/26/26
[    0.197879] NET: Registered protocol family 16
[    0.199158] audit: initializing netlink subsys (disabled)
[    0.200060] audit: type=2000 audit(1782484550.080:1): state=initialized audit_enabled=0 res=1
[    0.204015] cpuidle: using governor ladder
[    0.205052] cpuidle: using governor menu
[    0.206090] ACPI: bus type PCI registered
[    0.207102] acpiphp: ACPI Hot Plug PCI Controller Driver version: 0.5
[    0.208111] PCI: Using configuration type 1 for base access
[    0.212060] HugeTLB registered 2.00 MiB page size, pre-allocated 0 pages
[    0.214546] ACPI: Added _OSI(Module Device)
[    0.216005] ACPI: Added _OSI(Processor Device)
[    0.217131] ACPI: Added _OSI(3.0 _SCP Extensions)
[    0.218316] ACPI: Added _OSI(Processor Aggregator Device)
[    0.219784] ACPI: Added _OSI(Linux-Dell-Video)
[    0.220002] ACPI: Added _OSI(Linux-Lenovo-NV-HDMI-Audio)
[    0.221333] ACPI: Added _OSI(Linux-HPI-Hybrid-Graphics)
[    0.224333] ACPI: Executed 1 blocks of module-level executable AML code
[    0.232171] ACPI: Interpreter enabled
[    0.233084] ACPI: (supports S0 S5)
[    0.233876] ACPI: Using IOAPIC for interrupt routing
[    0.235466] PCI: Using host bridge windows from ACPI; if necessary, use "pci=nocrs" and report a bug
[    0.236280] ACPI: Enabled 2 GPEs in block 00 to 07
[    0.247234] ACPI: PCI Root Bridge [PCI0] (domain 0000 [bus 00-ff])
[    0.248008] acpi PNP0A03:00: _OSC: OS supports [ASPM ClockPM Segments MSI]
[    0.250340] acpi PNP0A03:00: _OSC: not requesting OS control; OS requires [ExtendedConfig ASPM ClockPM MSI]
[    0.252013] acpi PNP0A03:00: fail to add MMCONFIG information, can't access extended PCI configuration space under this bridge.
[    0.256492] PCI host bridge to bus 0000:00
[    0.257613] pci_bus 0000:00: root bus resource [io  0x0000-0x0cf7 window]
[    0.260004] pci_bus 0000:00: root bus resource [io  0x0d00-0xffff window]
[    0.264007] pci_bus 0000:00: root bus resource [mem 0x000a0000-0x000bffff window]
[    0.266322] pci_bus 0000:00: root bus resource [mem 0x40000000-0xfdffffff window]
[    0.268000] pci_bus 0000:00: root bus resource [bus 00-ff]
[    0.273040] pci 0000:00:01.1: legacy IDE quirk: reg 0x10: [io  0x01f0-0x01f7]
[    0.274671] pci 0000:00:01.1: legacy IDE quirk: reg 0x14: [io  0x03f6]
[    0.276000] pci 0000:00:01.1: legacy IDE quirk: reg 0x18: [io  0x0170-0x0177]
[    0.276002] pci 0000:00:01.1: legacy IDE quirk: reg 0x1c: [io  0x0376]
[    0.294668] pci 0000:00:07.0: quirk: [io  0x4000-0x403f] claimed by PIIX4 ACPI
[    0.296021] pci 0000:00:07.0: quirk: [io  0x4100-0x410f] claimed by PIIX4 SMB
[    0.305365] ACPI: PCI Interrupt Link [LNKA] (IRQs 5 9 10 *11)
[    0.307277] ACPI: PCI Interrupt Link [LNKB] (IRQs 5 9 *10 11)
[    0.308144] ACPI: PCI Interrupt Link [LNKC] (IRQs 5 *9 10 11)
[    0.309584] ACPI: PCI Interrupt Link [LNKD] (IRQs 5 9 10 *11)
[    0.312429] SCSI subsystem initialized
[    0.314384] pci 0000:00:02.0: vgaarb: setting as boot VGA device
[    0.314384] pci 0000:00:02.0: vgaarb: VGA device added: decodes=io+mem,owns=io+mem,locks=none
[    0.316012] pci 0000:00:02.0: vgaarb: bridge control possible
[    0.317388] vgaarb: loaded
[    0.320026] ACPI: bus type USB registered
[    0.321049] usbcore: registered new interface driver usbfs
[    0.322360] usbcore: registered new interface driver hub
[    0.323647] usbcore: registered new device driver usb
[    0.324049] EDAC MC: Ver: 3.0.0
[    0.325164] PCI: Using ACPI for IRQ routing
[    0.328456] NetLabel: Initializing
[    0.329856] NetLabel:  domain hash size = 128
[    0.331166] NetLabel:  protocols = UNLABELED CIPSOv4 CALIPSO
[    0.332025] NetLabel:  unlabeled traffic allowed by default
[    0.333319] clocksource: Switched to clocksource kvm-clock
[    0.344559] VFS: Disk quotas dquot_6.6.0
[    0.345566] VFS: Dquot-cache hash table entries: 512 (order 0, 4096 bytes)
[    0.347280] AppArmor: AppArmor Filesystem Enabled
[    0.348464] pnp: PnP ACPI init
[    0.350731] pnp: PnP ACPI: found 3 devices
[    0.364543] clocksource: acpi_pm: mask: 0xffffff max_cycles: 0xffffff, max_idle_ns: 2085701024 ns
[    0.366933] NET: Registered protocol family 2
[    0.368135] IP idents hash table entries: 16384 (order: 5, 131072 bytes)
[    0.370385] TCP established hash table entries: 8192 (order: 4, 65536 bytes)
[    0.372373] TCP bind hash table entries: 8192 (order: 5, 131072 bytes)
[    0.374194] TCP: Hash tables configured (established 8192 bind 8192)
[    0.376300] UDP hash table entries: 512 (order: 2, 16384 bytes)
[    0.378491] UDP-Lite hash table entries: 512 (order: 2, 16384 bytes)
[    0.380254] NET: Registered protocol family 1
[    0.381449] pci 0000:00:00.0: Limiting direct PCI/PCI transfers
[    0.383053] pci 0000:00:01.0: Activating ISA DMA hang workarounds
[    0.384776] pci 0000:00:02.0: Video device with shadowed ROM at [mem 0x000c0000-0x000dffff]
[    0.387347] Unpacking initramfs...
[    0.716972] Freeing initrd memory: 20396K
[    0.718178] clocksource: tsc: mask: 0xffffffffffffffff max_cycles: 0x2135f7c97c8, max_idle_ns: 440795273205 ns
[    0.720933] platform rtc_cmos: registered platform RTC device (no PNP device found)
[    0.722915] Scanning for low memory corruption every 60 seconds
[    0.725408] Initialise system trusted keyrings
[    0.727927] Key type blacklist registered
[    0.729321] workingset: timestamp_bits=36 max_order=18 bucket_order=0
[    0.732130] zbud: loaded
[    0.733599] squashfs: version 4.0 (2009/01/31) Phillip Lougher
[    0.735385] fuse init (API version 7.26)
[    0.740645] Key type asymmetric registered
[    0.741680] Asymmetric key parser 'x509' registered
[    0.743465] Block layer SCSI generic (bsg) driver version 0.4 loaded (major 246)
[    0.745663] io scheduler noop registered
[    0.746783] io scheduler deadline registered
[    0.748001] io scheduler cfq registered (default)
[    0.749643] ACPI: AC Adapter [AC] (on-line)
[    0.750830] input: Power Button as /devices/LNXSYSTM:00/LNXPWRBN:00/input/input0
[    0.753040] ACPI: Power Button [PWRF]
[    0.754105] input: Sleep Button as /devices/LNXSYSTM:00/LNXSLPBN:00/input/input1
[    0.755968] ACPI: Sleep Button [SLPF]
[    0.758374] ACPI: Battery Slot [BAT0] (battery present)
[    0.760539] Serial: 8250/16550 driver, 32 ports, IRQ sharing enabled
[    0.783208] 00:02: ttyS0 at I/O 0x3f8 (irq = 4, base_baud = 115200) is a 16550A
[    0.791614] Linux agpgart interface v0.103
[    0.796723] loop: module loaded
[    0.798317] scsi host0: ata_piix
[    0.799558] scsi host1: ata_piix
[    0.800579] ata1: PATA max UDMA/33 cmd 0x1f0 ctl 0x3f6 bmdma 0xd000 irq 14
[    0.802330] ata2: PATA max UDMA/33 cmd 0x170 ctl 0x376 bmdma 0xd008 irq 15
[    0.804175] tun: Universal TUN/TAP device driver, 1.6
[    0.805741] PPP generic driver version 2.4.2
[    0.807142] ehci_hcd: USB 2.0 'Enhanced' Host Controller (EHCI) Driver
[    0.809326] ehci-pci: EHCI PCI platform driver
[    0.810622] ehci-platform: EHCI generic platform driver
[    0.812051] ohci_hcd: USB 1.1 'Open' Host Controller (OHCI) Driver
[    0.813936] ohci-pci: OHCI PCI platform driver
[    0.815108] ohci-platform: OHCI generic platform driver
[    0.816639] uhci_hcd: USB Universal Host Controller Interface driver
[    0.818162] i8042: PNP: PS/2 Controller [PNP0303:PS2K,PNP0f03:PS2M] at 0x60,0x64 irq 1,12
[    0.820745] serio: i8042 KBD port at 0x60,0x64 irq 1
[    0.821926] serio: i8042 AUX port at 0x60,0x64 irq 12
[    0.823634] mousedev: PS/2 mouse device common for all mice
[    0.826495] rtc_cmos rtc_cmos: rtc core: registered rtc_cmos as rtc0
[    0.828487] input: AT Translated Set 2 keyboard as /devices/platform/i8042/serio0/input/input2
[    0.830919] rtc_cmos rtc_cmos: alarms up to one day, 114 bytes nvram
[    0.832762] i2c /dev entries driver
[    0.833736] device-mapper: uevent: version 1.0.3
[    0.835148] device-mapper: ioctl: 4.37.0-ioctl (2017-09-20) initialised: dm-devel@redhat.com
[    0.837616] ledtrig-cpu: registered to indicate activity on CPUs
[    0.839812] NET: Registered protocol family 10
[    0.846646] Segment Routing with IPv6
[    0.847777] NET: Registered protocol family 17
[    0.849242] Key type dns_resolver registered
[    0.850927] mce: Using 0 MCE banks
[    0.851805] RAS: Correctable Errors collector initialized.
[    0.853349] sched_clock: Marking stable (853324696, 0)->(1111141042, -257816346)
[    0.855898] registered taskstats version 1
[    0.857039] Loading compiled-in X.509 certificates
[    0.862526] Loaded X.509 cert 'Build time autogenerated kernel key: cdc7189136aaa35407544516090e2034d9c28e14'
[    0.865700] Loaded X.509 cert 'Canonical Ltd. Live Patch Signing: 14df34d1a87cf37625abec039ef2bf521249b969'
[    0.868706] Loaded X.509 cert 'Canonical Ltd. Kernel Module Signing: 88f752e560a1e0737e31163a466ad7b70a850c19'
[    0.871290] blacklist: Loading compiled-in revocation X.509 certificates
[    0.873557] Loaded X.509 cert 'Canonical Ltd. Secure Boot Signing: 61482aa2830d0ab2ad5af10b7250da9033ddcef0'
[    0.876592] Loaded X.509 cert 'Canonical Ltd. Secure Boot Signing (2017): 242ade75ac4a15e50d50c84b0d45ff3eae707a03'
[    0.879210] Loaded X.509 cert 'Canonical Ltd. Secure Boot Signing (ESM 2018): 365188c1d374d6b07c3c8f240f8ef722433d6a8b'
[    0.882052] Loaded X.509 cert 'Canonical Ltd. Secure Boot Signing (2019): c0746fd6c5da3ae827864651ad66ae47fe24b3e8'
[    0.884611] Loaded X.509 cert 'Canonical Ltd. Secure Boot Signing (2021 v1): a8d54bbb3825cfb94fa13c9f8a594a195c107b8d'
[    0.887557] Loaded X.509 cert 'Canonical Ltd. Secure Boot Signing (2021 v2): 4cf046892d6fd3c9a5b03f98d845f90851dc6a8c'
[    0.890636] Loaded X.509 cert 'Canonical Ltd. Secure Boot Signing (2021 v3): 100437bb6de6e469b581e61cd66bce3ef4ed53af'
[    0.893881] Loaded X.509 cert 'Canonical Ltd. Secure Boot Signing (Ubuntu Core 2019): c1d57b8f6b743f23ee41f4f7ee292f06eecadfb9'
[    0.897503] zswap: loaded using pool lzo/zbud
[    0.903464] Key type big_key registered
[    0.904675] Key type trusted registered
[    0.907789] Key type encrypted registered
[    0.909471] AppArmor: AppArmor sha1 policy hashing enabled
[    0.911320] ima: No TPM chip found, activating TPM-bypass! (rc=-19)
[    0.913003] ima: Allocated hash algorithm: sha1
[    0.914106] evm: HMAC attrs: 0x1
[    0.915840]   Magic number: 14:468:587
[    0.918361] rtc_cmos rtc_cmos: setting system clock to 2026-06-26 14:35:46 UTC (1782484546)
[    0.920904] BIOS EDD facility v0.16 2004-Jun-25, 0 devices found
[    0.922900] EDD information not available.
[    0.996469] Freeing unused kernel image memory: 2480K
[    1.008195] Write protecting the kernel read-only data: 20480k
[    1.010867] Freeing unused kernel image memory: 2008K
[    1.012529] Freeing unused kernel image memory: 1820K
[    1.023695] x86/mm: Checked W+X mappings: passed, no W+X pages found.
[    1.025202] x86/mm: Checking user space page tables
[    1.036638] x86/mm: Checked W+X mappings: passed, no W+X pages found.
Loading, please wait...
starting version 237
[    1.135403] Fusion MPT base driver 3.04.20
[    1.136652] Copyright (c) 1999-2008 LSI Corporation
[    1.146223] AVX2 version of gcm_enc/dec engaged.
[    1.147544] AES CTR mode by8 optimization enabled
[    1.148956] e1000: Intel(R) PRO/1000 Network Driver - version 7.3.21-k8-NAPI
[    1.150772] e1000: Copyright (c) 1999-2006 Intel Corporation.
[    1.159792] Fusion MPT SPI Host driver 3.04.20
[    1.357636] input: ImExPS/2 Generic Explorer Mouse as /devices/platform/i8042/serio1/input/input4
[    1.583133] e1000 0000:00:03.0 eth0: (PCI:33MHz:32-bit) 02:3b:7b:b7:3b:2d
[    1.585968] e1000 0000:00:03.0 eth0: Intel(R) PRO/1000 Network Connection
[    1.589374] mptbase: ioc0: Initiating bringup
[    1.591225] e1000 0000:00:03.0 enp0s3: renamed from eth0
[    1.696815] ioc0: LSI53C1030 A0: Capabilities={Initiator}
[    1.942056] scsi host2: ioc0: LSI53C1030 A0, FwRev=00000000h, Ports=1, MaxQ=256, IRQ=20
[    2.113206] scsi 2:0:0:0: Direct-Access     VBOX     HARDDISK         1.0  PQ: 0 ANSI: 5
[    2.185515] scsi target2:0:0: Beginning Domain Validation
[    2.188146] scsi target2:0:0: Domain Validation skipping write tests
[    2.189824] scsi target2:0:0: Ending Domain Validation
[    2.191241] scsi target2:0:0: asynchronous
[    2.193333] scsi 2:0:1:0: Direct-Access     VBOX     HARDDISK         1.0  PQ: 0 ANSI: 5
[    2.803411] scsi target2:0:1: Beginning Domain Validation
[    2.806725] scsi target2:0:1: Domain Validation skipping write tests
[    2.808840] scsi target2:0:1: Ending Domain Validation
[    2.810191] scsi target2:0:1: asynchronous
[    2.817796] sd 2:0:0:0: Attached scsi generic sg0 type 0
[    2.819266] sd 2:0:0:0: [sda] 83886080 512-byte logical blocks: (42.9 GB/40.0 GiB)
[    2.819745] sd 2:0:1:0: Attached scsi generic sg1 type 0
[    2.823243] sd 2:0:0:0: [sda] Write Protect is off
[    2.825499] sd 2:0:1:0: [sdb] 20480 512-byte logical blocks: (10.5 MB/10.0 MiB)
[    2.827474] sd 2:0:0:0: [sda] Incomplete mode parameter data
[    2.829173] sd 2:0:0:0: [sda] Assuming drive cache: write through
[    2.830986] sd 2:0:1:0: [sdb] Write Protect is off
[    2.832780] sd 2:0:1:0: [sdb] Incomplete mode parameter data
[    2.834645] sd 2:0:1:0: [sdb] Assuming drive cache: write through
[    2.838757]  sda: sda1
[    2.841158] sd 2:0:0:0: [sda] Attached SCSI disk
[    2.845054] sd 2:0:1:0: [sdb] Attached SCSI disk
Begin: Loading essential drivers ... [    4.556417] raid6: sse2x1   gen()  9475 MB/s
[    4.604227] raid6: sse2x1   xor()  6701 MB/s
[    4.652059] raid6: sse2x2   gen() 12039 MB/s
[    4.700783] raid6: sse2x2   xor()  7860 MB/s
[    4.748671] raid6: sse2x4   gen() 13115 MB/s
[    4.796486] raid6: sse2x4   xor()  7832 MB/s
[    4.844321] raid6: avx2x1   gen() 17684 MB/s
[    4.892078] raid6: avx2x1   xor()  9301 MB/s
[    4.940507] raid6: avx2x2   gen() 21889 MB/s
[    4.988052] raid6: avx2x2   xor() 12467 MB/s
[    5.036591] raid6: avx2x4   gen() 25075 MB/s
[    5.085379] raid6: avx2x4   xor() 14793 MB/s
[    5.086465] raid6: using algorithm avx2x4 gen() 25075 MB/s
[    5.088041] raid6: .... xor() 14793 MB/s, rmw enabled
[    5.089451] raid6: using avx2x2 recovery algorithm
[    5.093218] xor: automatically using best checksumming function   avx       
[    5.095911] async_tx: api initialized (async)
done.
Begin: Running /scripts/init-premount ... done.
Begin: Mounting root file system ... Begin: Running /scripts/local-top ... done.
Begin: Running /scripts/local-premount ... [    5.149920] Btrfs loaded, crc32c=crc32c-intel
Scanning for Btrfs filesystems
done.
Begin: Will now check root file system ... fsck from util-linux 2.31.1
[/sbin/fsck.ext4 (1) -- /dev/sda1] fsck.ext4 -a -C0 /dev/sda1 
cloudimg-rootfs: clean, 107661/5120000 files, 767654/10485499 blocks
done.
[    5.208045] EXT4-fs (sda1): mounted filesystem with ordered data mode. Opts: (null)
done.
Begin: Running /scripts/local-bottom ... done.
Begin: Running /scripts/init-bottom ... done.
[    5.421632] ip_tables: (C) 2000-2006 Netfilter Core Team
[    5.433554] systemd[1]: systemd 237 running in system mode. (+PAM +AUDIT +SELINUX +IMA +APPARMOR +SMACK +SYSVINIT +UTMP +LIBCRYPTSETUP +GCRYPT +GNUTLS +ACL +XZ +LZ4 +SECCOMP +BLKID +ELFUTILS +KMOD -IDN2 +IDN -PCRE2 default-hierarchy=hybrid)
[    5.438702] systemd[1]: Detected virtualization oracle.
[    5.440169] systemd[1]: Detected architecture x86-64.

Welcome to [1mUbuntu 18.04.6 LTS[0m!

[    5.457137] systemd[1]: Set hostname to <ubuntu-bionic>.
[    5.758402] systemd[1]: Reached target Mounting snaps.
[[0;32m  OK  [0m] Reached target Mounting snaps.
[    5.761070] systemd[1]: Started Forward Password Requests to Wall Directory Watch.
[[0;32m  OK  [0m] Started Forward Password Requests to Wall Directory Watch.
[    5.766251] systemd[1]: Created slice System Slice.
[[0;32m  OK  [0m] Created slice System Slice.
[    5.768666] systemd[1]: Listening on Journal Socket.
[[0;32m  OK  [0m] Listening on Journal Socket.
[    5.771143] systemd[1]: Listening on udev Kernel Socket.
[[0;32m  OK  [0m] Listening on udev Kernel Socket.
[    5.774167] systemd[1]: Listening on Network Service Netlink Socket.
[[0;32m  OK  [0m] Listening on Network Service Netlink Socket.
[[0;32m  OK  [0m] Listening on Device-mapper event daemon FIFOs.
[[0;32m  OK  [0m] Listening on LVM2 metadata daemon socket.
         Starting Monitoring of LVM2 mirrors…ng dmeventd or progress polling...
[[0;32m  OK  [0m] Created slice User and Session Slice.
[[0;32m  OK  [0m] Reached target Slices.
[[0;32m  OK  [0m] Listening on /dev/initctl Compatibility Named Pipe.
         Starting Set the console keyboard layout...
         Starting Load Kernel Modules...
[[0;32m  OK  [0m] Reached target User and Group Name Lookups.
[[0;32m  OK  [0m] Listening on Syslog Socket.
[[0;32m  OK  [0m] Reached target Mounted snaps.
[[0;32m  OK  [0m] Listening on LVM2 poll daemon socket.
         Mounting Huge Pages File System...
[[0;32m  OK  [0m] Reached target Swap.
[[0;32m  OK  [0m] Listening on Journal Audit Socket.
[[0;32m  OK  [0m] Listening on fsck to fsckd communication Socket.
[[0;32m  OK  [0m] Set up automount Arbitrary Executab…rmats File System Automount Point.
[    5.845140] Loading iSCSI transport class v2.0-870.
[    5.852544] iscsi: registered transport (tcp)
[[0;32m  OK  [0m] Listening on Journal Socket (/dev/log).
         Starting Journal Service...
[[0;32m  OK  [0m] Listening on udev Control Socket.
         Mounting POSIX Message Queue File System...
[[0;32m  OK  [0m] Reached target System Time Synchronized.
         Starting Uncomplicated firewall...
         Starting Create list of required st…ce nodes for the current kernel...
[[0;32m  OK  [0m] Created slice system-serial\x2dgetty.slice.
[    5.912586] iscsi: registered transport (iser)
         Mounting Kernel Debug File System...
         Starting Remount Root and Kernel File Systems...
         Starting udev Coldplug all Devices...
[[0;32m  OK  [0m] Started Load Kernel Modules.
[[0;32m  OK  [0m] Mounted Huge Pages File System.
[[0;32m  OK  [0m] Mounted POSIX Message Queue File System.
[[0;32m  OK  [0m] Started Uncomplicated firewall.
[[0;32m  OK  [0m] Started Journal Service.
[[0;32m  OK  [0m] Started Create list of required sta…vice nodes for the current kernel.
[[0;32m  OK  [0m] Mounted Kernel Debug File System.
[[0;32m  OK  [0m] Started LVM2 metadata daemon.
         Starting Create Static Device Nodes in /dev...
         Starting Apply Kernel Variables...
         Mounting Kernel Configuration File System...
         Mounting FUSE Control File System...
[[0;32m  OK  [0m] Mounted Kernel Configuration File System.
[[0;32m  OK  [0m] Mounted FUSE Control File System.
[[0;32m  OK  [0m] Started Create Static Device Nodes in /dev.
[[0;32m  OK  [0m] Started Remount Root and Kernel File Systems.
         Starting udev Kernel Device Manager...
         Starting Flush Journal to Persistent Storage...
         Starting Load/Save Random Seed...
[[0;32m  OK  [0m] Started Monitoring of LVM2 mirrors,…sing dmeventd or progress polling.
[[0;32m  OK  [0m] Started Apply Kernel Variables.
[[0;32m  OK  [0m] Started udev Coldplug all Devices.
[[0;32m  OK  [0m] Started udev Kernel Device Manager.
[[0;32m  OK  [0m] Started Load/Save Random Seed.
[[0;32m  OK  [0m] Started Set the console keyboard layout.
[[0;32m  OK  [0m] Reached target Local File Systems (Pre).
[[0;32m  OK  [0m] Reached target Local File Systems.
         Starting Tell Plymouth To Write Out Runtime Data...
         Starting ebtables ruleset management...
         Starting AppArmor initialization...
         Starting Set console font and keymap...
[[0;32m  OK  [0m] Started Dispatch Password Requests to Console Directory Watch.
[[0;32m  OK  [0m] Reached target Local Encrypted Volumes.
[[0;32m  OK  [0m] Started Flush Journal to Persistent Storage.
[[0;32m  OK  [0m] Started Tell Plymouth To Write Out Runtime Data.
         Starting Create Volatile Files and Directories...
[[0;32m  OK  [0m] Started Set console font and keymap.
[[0;32m  OK  [0m] Started Create Volatile Files and Directories.
         Starting Update UTMP about System Boot/Shutdown...
[[0;32m  OK  [0m] Started Update UTMP about System Boot/Shutdown.
[[0;32m  OK  [0m] Started ebtables ruleset management.
[[0;32m  OK  [0m] Started AppArmor initialization.
         Starting Load AppArmor profiles managed internally by snapd...
         Starting Initial cloud-init job (pre-networking)...
[[0;32m  OK  [0m] Found device /dev/ttyS0.
         Mounting Arbitrary Executable File Formats File System...
[[0;32m  OK  [0m] Mounted Arbitrary Executable File Formats File System.
[[0;32m  OK  [0m] Started Load AppArmor profiles managed internally by snapd.
[[0;32m  OK  [0m] Listening on Load/Save RF Kill Switch Status /dev/rfkill Watch.
[    8.197739] cloud-init[534]: Cloud-init v. 23.1.2-0ubuntu0~18.04.1 running 'init-local' at Fri, 26 Jun 2026 14:35:53 +0000. Up 7.90 seconds.
[[0;32m  OK  [0m] Started Initial cloud-init job (pre-networking).
[[0;32m  OK  [0m] Reached target Network (Pre).
         Starting Network Service...
[[0;32m  OK  [0m] Started Network Service.
         Starting Wait for Network to be Configured...
         Starting Network Name Resolution...
[[0;32m  OK  [0m] Started Network Name Resolution.
[[0;32m  OK  [0m] Reached target Network.
[[0;32m  OK  [0m] Reached target Host and Network Name Lookups.
[[0;32m  OK  [0m] Started Wait for Network to be Configured.
         Starting Initial cloud-init job (metadata service crawler)...
[   10.379625] cloud-init[684]: Cloud-init v. 23.1.2-0ubuntu0~18.04.1 running 'init' at Fri, 26 Jun 2026 14:35:55 +0000. Up 10.11 seconds.
[   10.382691] cloud-init[684]: ci-info: ++++++++++++++++++++++++++++++++++++++Net device info++++++++++++++++++++++++++++++++++++++
[   10.384489] cloud-init[684]: ci-info: +--------+------+----------------------------+---------------+--------+-------------------+
[   10.396920] cloud-init[684]: ci-info: | Device |  Up  |          Address           |      Mask     | Scope  |     Hw-Address    |
[   10.398406] cloud-init[684]: ci-info: +--------+------+----------------------------+---------------+--------+-------------------+
[   10.408546] cloud-init[684]: ci-info: | enp0s3 | True |         10.0.2.15          | 255.255.255.0 | global | 02:3b:7b:b7:3b:2d |
[   10.420286] cloud-init[684]: ci-info: | enp0s3 | True | fe80::3b:7bff:feb7:3b2d/64 |       .       |  link  | 02:3b:7b:b7:3b:2d |
[   10.422168] cloud-init[684]: ci-info: |   lo   | True |         127.0.0.1          |   255.0.0.0   |  host  |         .         |
[   10.425252] cloud-init[684]: ci-info: |   lo   | True |          ::1/128           |       .       |  host  |         .         |
[   10.426854] cloud-init[684]: ci-info: +--------+------+----------------------------+---------------+--------+-------------------+
[   10.428761] cloud-init[684]: ci-info: ++++++++++++++++++++++++++++Route IPv4 info+++++++++++++++++++++++++++++
[   10.440762] cloud-init[684]: ci-info: +-------+-------------+----------+-----------------+-----------+-------+
[   10.452644] cloud-init[684]: ci-info: | Route | Destination | Gateway  |     Genmask     | Interface | Flags |
[   10.454051] cloud-init[684]: ci-info: +-------+-------------+----------+-----------------+-----------+-------+
[   10.468187] cloud-init[684]: ci-info: |   0   |   0.0.0.0   | 10.0.2.2 |     0.0.0.0     |   enp0s3  |   UG  |
[   10.480690] cloud-init[684]: ci-info: |   1   |   10.0.2.0  | 0.0.0.0  |  255.255.255.0  |   enp0s3  |   U   |
[   10.482483] cloud-init[684]: ci-info: |   2   |   10.0.2.2  | 0.0.0.0  | 255.255.255.255 |   enp0s3  |   UH  |
[   10.500161] cloud-init[684]: ci-info: +-------+-------------+----------+-----------------+-----------+-------+
[   10.512336] cloud-init[684]: ci-info: +++++++++++++++++++Route IPv6 info+++++++++++++++++++
[   10.524329] cloud-init[684]: ci-info: +-------+-------------+---------+-----------+-------+
[   10.536665] cloud-init[684]: ci-info: | Route | Destination | Gateway | Interface | Flags |
[   10.538164] cloud-init[684]: ci-info: +-------+-------------+---------+-----------+-------+
[   10.548232] cloud-init[684]: ci-info: |   1   |  fe80::/64  |    ::   |   enp0s3  |   U   |
[   10.555479] cloud-init[684]: ci-info: |   3   |    local    |    ::   |   enp0s3  |   U   |
[   10.557117] cloud-init[684]: ci-info: |   4   |   ff00::/8  |    ::   |   enp0s3  |   U   |
[   10.568896] cloud-init[684]: ci-info: +-------+-------------+---------+-----------+-------+
[[0;32m  OK  [0m] Started Initial cloud-init job (metadata service crawler).
[[0;32m  OK  [0m] Reached target Network is Online.
[[0;32m  OK  [0m] Reached target Remote File Systems (Pre).
         Mounting /vagrant...
         Starting Availability of block devices...
[[0;32m  OK  [0m] Reached target Cloud-config availability.
[[0;32m  OK  [0m] Reached target System Initialization.
[[0;32m  OK  [0m] Listening on Open-iSCSI iscsid Socket.
[[0;32m  OK  [0m] Listening on ACPID Listen Socket.
[[0;32m  OK  [0m] Listening on D-Bus System Message Bus Socket.
[[0;32m  OK  [0m] Started Daily Cleanup of Temporary Directories.
[[0;32m  OK  [0m] Listening on UUID daemon activation socket.
[[0;32m  OK  [0m] Listening on cloud-init hotplug hook socket.
[[0;32m  OK  [0m] Started Message of the Day.
         Starting Socket activation for snappy daemon.
[[0;32m  OK  [0m] Started Ubuntu Advantage Timer for running repeated jobs.
         Starting LXD - unix socket.
[[0;32m  OK  [0m] Started ACPI Events Check.
[[0;32m  OK  [0m] Reached target Paths.
[[0;32m  OK  [0m] Started Discard unused blocks once a week.
[[0;32m  OK  [0m] Started Daily apt upgrade and clean activities.
[[0;32m  OK  [0m] Reached target Timers.
[[0;32m  OK  [0m] Mounted /vagrant.
[[0;32m  OK  [0m] Started Availability of block devices.
[[0;32m  OK  [0m] Listening on Socket activation for snappy daemon.
[[0;32m  OK  [0m] Listening on LXD - unix socket.
[[0;32m  OK  [0m] Reached target Sockets.
[[0;32m  OK  [0m] Reached target Basic System.
         Starting Pollinate to seed the pseudo random number generator...
[[0;32m  OK  [0m] Started D-Bus System Message Bus.
[[0;32m  OK  [0m] Started FUSE filesystem for LXC.
         Starting Accounts Service...
         Starting Dispatcher daemon for systemd-networkd...
         Starting LSB: Record successful boot for GRUB...
[[0;32m  OK  [0m] Started irqbalance daemon.
[[0;32m  OK  [0m] Started Regular background program processing daemon.
         Starting Login Service...
[[0;32m  OK  [0m] Reached target Login Prompts (Pre).
         Starting System Logging Service...
         Starting LXD - container startup/shutdown...
         Starting Virtualbox guest utils...
[[0;32m  OK  [0m] Started Deferred execution scheduler.
         Starting Snap Daemon...
[[0;32m  OK  [0m] Reached target Remote File Systems.
         Starting LSB: automatic crash report generation...
         Starting Permit User Sessions...
[[0;32m  OK  [0m] Started System Logging Service.
[[0;32m  OK  [0m] Started Permit User Sessions.
[[0;32m  OK  [0m] Started Login Service.
[[0;32m  OK  [0m] Started Unattended Upgrades Shutdown.
         Starting Terminate Plymouth Boot Screen...
         Starting Hold until boot process finishes up...
         Starting Authorization Manager...
[[0;32m  OK  [0m] Started Terminate Plymouth Boot Screen.
[[0;32m  OK  [0m] Started Hold until boot process finishes up.
         Starting Set console scheme...
[[0;32m  OK  [0m] Started Serial Getty on ttyS0.
[[0;32m  OK  [0m] Started Authorization Manager.
[[0;32m  OK  [0m] Started Accounts Service.
[[0;32m  OK  [0m] Started Set console scheme.
[[0;32m  OK  [0m] Created slice system-getty.slice.
[[0;32m  OK  [0m] Started Getty on tty1.
[[0;32m  OK  [0m] Reached target Login Prompts.
[[0;32m  OK  [0m] Started Virtualbox guest utils.
[[0;32m  OK  [0m] Started LXD - container startup/shutdown.
[[0;32m  OK  [0m] Started LSB: Record successful boot for GRUB.
[[0;32m  OK  [0m] Started LSB: automatic crash report generation.
[[0;32m  OK  [0m] Started Dispatcher daemon for systemd-networkd.
[[0;32m  OK  [0m] Started Snap Daemon.
         Starting Wait until snapd is fully seeded...
         Starting Time & Date Service...
[[0;32m  OK  [0m] Started Time & Date Service.
[[0;32m  OK  [0m] Started Wait until snapd is fully seeded.
         Starting Apply the settings specified in cloud-config...
[[0;32m  OK  [0m] Started Pollinate to seed the pseudo random number generator.
         Starting OpenBSD Secure Shell server...
[[0;32m  OK  [0m] Started OpenBSD Secure Shell server.
[[0;32m  OK  [0m] Created slice User Slice of vagrant.
         Starting User Manager for UID 1000...
[[0;32m  OK  [0m] Started Session 1 of user vagrant.
[   13.045907] cloud-init[1186]: Cloud-init v. 23.1.2-0ubuntu0~18.04.1 running 'modules:config' at Fri, 26 Jun 2026 14:35:58 +0000. Up 12.79 seconds.
[[0;32m  OK  [0m] Started User Manager for UID 1000.
[[0;32m  OK  [0m] Started Apply the settings specified in cloud-config.
[[0;32m  OK  [0m] Reached target Multi-User System.
[[0;32m  OK  [0m] Reached target Graphical Interface.
         Starting Execute cloud user/final scripts...
         Starting Update UTMP about System Runlevel Changes...
[[0;32m  OK  [0m] Started Update UTMP about System Runlevel Changes.
[   14.203921] cloud-init[1289]: Cloud-init v. 23.1.2-0ubuntu0~18.04.1 running 'modules:final' at Fri, 26 Jun 2026 14:35:59 +0000. Up 13.93 seconds.
[   14.207229] cloud-init[1289]: Cloud-init v. 23.1.2-0ubuntu0~18.04.1 finished at Fri, 26 Jun 2026 14:35:59 +0000. Datasource DataSourceNoCloud [seed=/dev/sdb][dsmode=net].  Up 14.19 seconds
[[0;32m  OK  [0m] Started Execute cloud user/final scripts.
[[0;32m  OK  [0m] Reached target Cloud-init target.

Ubuntu 18.04.6 LTS ubuntu-bionic ttyS0

ubuntu-bionic login: 